<?xml version="1.0" encoding="UTF-8"?>
<robot generator="Robot 5.0.1 (Python 3.7.5 on darwin)" generated="20220523 16:03:37.571" rpa="true" schemaversion="3">
<suite id="s1" name="Tasks" source="/Users/angelicacastaneda/Documents/example-newrobots/tasks.robot">
<test id="s1-t1" name="Login in webpage" line="11">
<kw name="open webpage">
<kw name="Open Available Browser" library="RPA.Browser.Selenium">
<arg>https://www.itau.co/index</arg>
<doc>Attempts to open a browser on the user's device from a set of
supported browsers. Automatically downloads a corresponding webdriver
if none is already installed.</doc>
<msg timestamp="20220523 16:03:39.664" level="INFO">Creating an instance of the Chrome WebDriver.</msg>
<msg timestamp="20220523 16:03:39.688" level="INFO">Created download root directory: /Users/angelicacastaneda/.robocorp/webdrivers</msg>
<msg timestamp="20220523 16:03:39.689" level="INFO">Created symlink directory: /Users/angelicacastaneda/.robocorp/webdrivers</msg>
<msg timestamp="20220523 16:03:39.692" level="INFO">Creating an instance of the Chrome WebDriver.</msg>
<msg timestamp="20220523 16:03:43.357" level="INFO">Created Chrome browser with arguments: --disable-dev-shm-usage --disable-web-security --allow-running-insecure-content --no-sandbox</msg>
<msg timestamp="20220523 16:03:43.358" level="INFO" html="true">&lt;p&gt;Attempted combinations:&lt;/p&gt;&lt;div class="doc"&gt;&lt;table&gt;&lt;tr&gt;&lt;th&gt;Browser&lt;/th&gt;&lt;th&gt;Download&lt;/th&gt;&lt;th&gt;Error&lt;/th&gt;&lt;/tr&gt;&lt;tr&gt;&lt;td&gt;Chrome&lt;/td&gt;&lt;td&gt;False&lt;/td&gt;&lt;td&gt;Message: 'chromedriver' executable needs to be in PATH. Please see https://sites.google.com/a/chromium.org/chromedriver/home
&lt;/td&gt;&lt;/tr&gt;&lt;tr&gt;&lt;td&gt;Chrome&lt;/td&gt;&lt;td&gt;True&lt;/td&gt;&lt;td&gt;&lt;/td&gt;&lt;/tr&gt;&lt;/table&gt;&lt;/div&gt;</msg>
<msg timestamp="20220523 16:03:43.358" level="INFO">Opening url 'https://www.itau.co/index'</msg>
<status status="PASS" starttime="20220523 16:03:39.649" endtime="20220523 16:03:51.152"/>
</kw>
<status status="PASS" starttime="20220523 16:03:39.648" endtime="20220523 16:03:51.154"/>
</kw>
<status status="PASS" starttime="20220523 16:03:39.610" endtime="20220523 16:03:51.155"/>
</test>
<test id="s1-t2" name="Minimal task" line="13">
<kw name="Log" library="BuiltIn">
<arg>Done.</arg>
<doc>Logs the given message with the given level.</doc>
<msg timestamp="20220523 16:03:51.167" level="INFO">Done.</msg>
<status status="PASS" starttime="20220523 16:03:51.162" endtime="20220523 16:03:51.167"/>
</kw>
<status status="PASS" starttime="20220523 16:03:51.158" endtime="20220523 16:03:51.167"/>
</test>
<doc>Template robot main suite.</doc>
<status status="PASS" starttime="20220523 16:03:37.574" endtime="20220523 16:03:51.170"/>
</suite>
<statistics>
<total>
<stat pass="2" fail="0" skip="0">All Tasks</stat>
</total>
<tag>
</tag>
<suite>
<stat pass="2" fail="0" skip="0" id="s1" name="Tasks">Tasks</stat>
</suite>
</statistics>
<errors>
</errors>
</robot>
